2022-08-01 17:46:51,497 [Worker-1: Loading available Gradle versions] INFO  o.e.b.c.i.u.g.PublishedGradleVersions - Gradle version information cache is up-to-date. Trying to read.
2022-08-01 18:01:29,911 [ModalContext] ERROR o.e.m.c.i.p.r.ProjectRegistryReader - Can't write workspace state
java.io.FileNotFoundException: C:\Users\vajpa\OneDrive\Desktop\EclipseJp\.metadata\.plugins\org.eclipse.m2e.core\workspaceState.ser (The system cannot find the path specified)
	at java.base/java.io.FileOutputStream.open0(Native Method) ~[na:na]
	at java.base/java.io.FileOutputStream.open(FileOutputStream.java:293) ~[na:na]
	at java.base/java.io.FileOutputStream.<init>(FileOutputStream.java:235) ~[na:na]
	at java.base/java.io.FileOutputStream.<init>(FileOutputStream.java:184) ~[na:na]
	at org.eclipse.m2e.core.internal.project.registry.ProjectRegistryReader.createObjectOutputStream(ProjectRegistryReader.java:137) ~[na:na]
	at org.eclipse.m2e.core.internal.project.registry.ProjectRegistryReader.writeWorkspaceState(ProjectRegistryReader.java:127) ~[na:na]
	at org.eclipse.m2e.core.internal.project.registry.ProjectRegistryManager.writeWorkspaceState(ProjectRegistryManager.java:977) ~[na:na]
	at org.eclipse.m2e.core.internal.MavenPluginActivator$1.saving(MavenPluginActivator.java:142) ~[na:na]
	at org.eclipse.core.internal.resources.SaveManager.executeLifecycle(SaveManager.java:394) ~[na:na]
	at org.eclipse.core.internal.resources.SaveManager$1.run(SaveManager.java:210) ~[na:na]
	at org.eclipse.core.runtime.SafeRunner.run(SafeRunner.java:45) ~[org.eclipse.equinox.common_3.16.100.v20220315-2327.jar:na]
	at org.eclipse.core.internal.resources.SaveManager.broadcastLifecycle(SaveManager.java:213) ~[na:na]
	at org.eclipse.core.internal.resources.SaveManager.save(SaveManager.java:1171) ~[na:na]
	at org.eclipse.core.internal.resources.Workspace.save(Workspace.java:2421) ~[na:na]
	at org.eclipse.ui.internal.ide.application.IDEWorkbenchAdvisor.lambda$1(IDEWorkbenchAdvisor.java:554) ~[na:na]
	at org.eclipse.jface.operation.ModalContext$ModalContextThread.run(ModalContext.java:122) ~[org.eclipse.jface_3.26.0.v20220513-0449.jar:na]
2022-08-01 18:02:07,145 [Worker-3: Loading available Gradle versions] INFO  o.e.b.c.i.u.g.PublishedGradleVersions - Gradle version information cache is up-to-date. Trying to read.
2022-08-03 22:34:08,140 [Worker-1: Loading available Gradle versions] INFO  o.e.b.c.i.u.g.PublishedGradleVersions - Gradle version information cache is out-of-date. Trying to update.
2022-08-03 22:40:53,809 [Worker-4: Loading available Gradle versions] INFO  o.e.b.c.i.u.g.PublishedGradleVersions - Gradle version information cache is up-to-date. Trying to read.
2022-08-06 15:59:49,201 [Worker-1: Loading available Gradle versions] INFO  o.e.b.c.i.u.g.PublishedGradleVersions - Gradle version information cache is up-to-date. Trying to read.
